{"/Users/batiste/workspace/ynov/collaborative_data_annotation_platform/backend/models/User.js": {"path":"/Users/batiste/workspace/ynov/collaborative_data_annotation_platform/backend/models/User.js","statementMap":{"0":{"start":{"line":1,"column":17},"end":{"line":1,"column":36}},"1":{"start":{"line":2,"column":15},"end":{"line":2,"column":32}},"2":{"start":{"line":4,"column":19},"end":{"line":38,"column":1}},"3":{"start":{"line":40,"column":0},"end":{"line":44,"column":2}},"4":{"start":{"line":41,"column":2},"end":{"line":41,"column":49}},"5":{"start":{"line":41,"column":36},"end":{"line":41,"column":49}},"6":{"start":{"line":42,"column":2},"end":{"line":42,"column":54}},"7":{"start":{"line":43,"column":2},"end":{"line":43,"column":8}},"8":{"start":{"line":46,"column":0},"end":{"line":48,"column":1}},"9":{"start":{"line":47,"column":2},"end":{"line":47,"column":63}},"10":{"start":{"line":50,"column":0},"end":{"line":50,"column":51}}},"fnMap":{"0":{"name":"(anonymous_0)","decl":{"start":{"line":40,"column":23},"end":{"line":40,"column":24}},"loc":{"start":{"line":40,"column":45},"end":{"line":44,"column":1}},"line":40},"1":{"name":"(anonymous_1)","decl":{"start":{"line":46,"column":37},"end":{"line":46,"column":38}},"loc":{"start":{"line":46,"column":72},"end":{"line":48,"column":1}},"line":46}},"branchMap":{"0":{"loc":{"start":{"line":41,"column":2},"end":{"line":41,"column":49}},"type":"if","locations":[{"start":{"line":41,"column":2},"end":{"line":41,"column":49}},{"start":{},"end":{}}],"line":41}},"s":{"0":1,"1":1,"2":1,"3":1,"4":4,"5":0,"6":4,"7":4,"8":1,"9":0,"10":1},"f":{"0":4,"1":0},"b":{"0":[0,4]},"_coverageSchema":"1a1c01bbd47fc00a2c39e90264f33305004495a9","hash":"528ae8938f79e3530b9d8a578240690aa9c530b6"}
}
